# JRE version: OpenJDK Runtime Environment (8.0_412-b08) (build 1.8.0_412-b08)
# Java VM: OpenJDK 64-Bit Server VM (25.412-b08 mixed mode bsd-aarch64 compressed oops)
Heap:
 PSYoungGen      total 211968K, used 11580K [0x0000000795580000, 0x00000007a3780000, 0x00000007c0000000)
  eden space 202240K, 1% used [0x0000000795580000,0x00000007957819b8,0x00000007a1b00000)
  from space 9728K, 97% used [0x00000007a2e00000,0x00000007a374d840,0x00000007a3780000)
  to   space 14336K, 0% used [0x00000007a1b80000,0x00000007a1b80000,0x00000007a2980000)
 ParOldGen       total 66560K, used 13896K [0x0000000740000000, 0x0000000744100000, 0x0000000795580000)
  object space 66560K, 20% used [0x0000000740000000,0x0000000740d92278,0x0000000744100000)
 Metaspace       used 26940K, capacity 28016K, committed 28160K, reserved 1073152K
  class space    used 3252K, capacity 3513K, committed 3584K, reserved 1048576K
GC Heap History (10 events):
Event: 2.298 GC heap before
{Heap before GC invocations=5 (full 0):
 PSYoungGen      total 71680K, used 71664K [0x0000000795580000, 0x000000079a080000, 0x00000007c0000000)
  eden space 66560K, 100% used [0x0000000795580000,0x0000000799680000,0x0000000799680000)
  from space 5120K, 99% used [0x0000000799b80000,0x000000079a07c030,0x000000079a080000)
  to   space 5120K, 0% used [0x0000000799680000,0x0000000799680000,0x0000000799b80000)
 ParOldGen       total 87552K, used 6700K [0x0000000740000000, 0x0000000745580000, 0x0000000795580000)
  object space 87552K, 7% used [0x0000000740000000,0x000000074068b398,0x0000000745580000)
 Metaspace       used 20175K, capacity 20900K, committed 21120K, reserved 1067008K
  class space    used 2481K, capacity 2677K, committed 2688K, reserved 1048576K
Event: 2.306 GC heap after
Heap after GC invocations=5 (full 0):
 PSYoungGen      total 71680K, used 5088K [0x0000000795580000, 0x000000079f080000, 0x00000007c0000000)
  eden space 66560K, 0% used [0x0000000795580000,0x0000000795580000,0x0000000799680000)
  from space 5120K, 99% used [0x0000000799680000,0x0000000799b78020,0x0000000799b80000)
  to   space 12800K, 0% used [0x000000079e400000,0x000000079e400000,0x000000079f080000)
 ParOldGen       total 87552K, used 13835K [0x0000000740000000, 0x0000000745580000, 0x0000000795580000)
  object space 87552K, 15% used [0x0000000740000000,0x0000000740d82d18,0x0000000745580000)
 Metaspace       used 20175K, capacity 20900K, committed 21120K, reserved 1067008K
  class space    used 2481K, capacity 2677K, committed 2688K, reserved 1048576K
}
Event: 2.373 GC heap before
{Heap before GC invocations=6 (full 0):
 PSYoungGen      total 71680K, used 11682K [0x0000000795580000, 0x000000079f080000, 0x00000007c0000000)
  eden space 66560K, 9% used [0x0000000795580000,0x0000000795bf08a0,0x0000000799680000)
  from space 5120K, 99% used [0x0000000799680000,0x0000000799b78020,0x0000000799b80000)
  to   space 12800K, 0% used [0x000000079e400000,0x000000079e400000,0x000000079f080000)
 ParOldGen       total 87552K, used 13835K [0x0000000740000000, 0x0000000745580000, 0x0000000795580000)
  object space 87552K, 15% used [0x0000000740000000,0x0000000740d82d18,0x0000000745580000)
 Metaspace       used 20394K, capacity 21150K, committed 21248K, reserved 1067008K
  class space    used 2502K, capacity 2718K, committed 2816K, reserved 1048576K
Event: 2.380 GC heap after
Heap after GC invocations=6 (full 0):
 PSYoungGen      total 144896K, used 5632K [0x0000000795580000, 0x000000079ef80000, 0x00000007c0000000)
  eden space 133120K, 0% used [0x0000000795580000,0x0000000795580000,0x000000079d780000)
  from space 11776K, 47% used [0x000000079e400000,0x000000079e980020,0x000000079ef80000)
  to   space 12288K, 0% used [0x000000079d780000,0x000000079d780000,0x000000079e380000)
 ParOldGen       total 87552K, used 13843K [0x0000000740000000, 0x0000000745580000, 0x0000000795580000)
  object space 87552K, 15% used [0x0000000740000000,0x0000000740d84d18,0x0000000745580000)
 Metaspace       used 20394K, capacity 21150K, committed 21248K, reserved 1067008K
  class space    used 2502K, capacity 2718K, committed 2816K, reserved 1048576K
}
Event: 2.380 GC heap before
{Heap before GC invocations=7 (full 1):
 PSYoungGen      total 144896K, used 5632K [0x0000000795580000, 0x000000079ef80000, 0x00000007c0000000)
  eden space 133120K, 0% used [0x0000000795580000,0x0000000795580000,0x000000079d780000)
  from space 11776K, 47% used [0x000000079e400000,0x000000079e980020,0x000000079ef80000)
  to   space 12288K, 0% used [0x000000079d780000,0x000000079d780000,0x000000079e380000)
 ParOldGen       total 87552K, used 13843K [0x0000000740000000, 0x0000000745580000, 0x0000000795580000)
  object space 87552K, 15% used [0x0000000740000000,0x0000000740d84d18,0x0000000745580000)
 Metaspace       used 20394K, capacity 21150K, committed 21248K, reserved 1067008K
  class space    used 2502K, capacity 2718K, committed 2816K, reserved 1048576K
Event: 2.431 GC heap after
Heap after GC invocations=7 (full 1):
 PSYoungGen      total 144896K, used 0K [0x0000000795580000, 0x000000079ef80000, 0x00000007c0000000)
  eden space 133120K, 0% used [0x0000000795580000,0x0000000795580000,0x000000079d780000)
  from space 11776K, 0% used [0x000000079e400000,0x000000079e400000,0x000000079ef80000)
  to   space 12288K, 0% used [0x000000079d780000,0x000000079d780000,0x000000079e380000)
 ParOldGen       total 66560K, used 12650K [0x0000000740000000, 0x0000000744100000, 0x0000000795580000)
  object space 66560K, 19% used [0x0000000740000000,0x0000000740c5a828,0x0000000744100000)
 Metaspace       used 20394K, capacity 21150K, committed 21248K, reserved 1067008K
  class space    used 2502K, capacity 2718K, committed 2816K, reserved 1048576K
}
Event: 4.143 GC heap before
{Heap before GC invocations=8 (full 1):
 PSYoungGen      total 144896K, used 133080K [0x0000000795580000, 0x000000079ef80000, 0x00000007c0000000)
  eden space 133120K, 99% used [0x0000000795580000,0x000000079d776260,0x000000079d780000)
  from space 11776K, 0% used [0x000000079e400000,0x000000079e400000,0x000000079ef80000)
  to   space 12288K, 0% used [0x000000079d780000,0x000000079d780000,0x000000079e380000)
 ParOldGen       total 66560K, used 12650K [0x0000000740000000, 0x0000000744100000, 0x0000000795580000)
  object space 66560K, 19% used [0x0000000740000000,0x0000000740c5a828,0x0000000744100000)
 Metaspace       used 25227K, capacity 26226K, committed 26368K, reserved 1073152K
  class space    used 3041K, capacity 3264K, committed 3328K, reserved 1048576K
Event: 4.150 GC heap after
Heap after GC invocations=8 (full 1):
 PSYoungGen      total 145408K, used 12263K [0x0000000795580000, 0x00000007a3c80000, 0x00000007c0000000)
  eden space 133120K, 0% used [0x0000000795580000,0x0000000795580000,0x000000079d780000)
  from space 12288K, 99% used [0x000000079d780000,0x000000079e379ca0,0x000000079e380000)
  to   space 14848K, 0% used [0x00000007a2e00000,0x00000007a2e00000,0x00000007a3c80000)
 ParOldGen       total 66560K, used 13888K [0x0000000740000000, 0x0000000744100000, 0x0000000795580000)
  object space 66560K, 20% used [0x0000000740000000,0x0000000740d90278,0x0000000744100000)
 Metaspace       used 25227K, capacity 26226K, committed 26368K, reserved 1073152K
  class space    used 3041K, capacity 3264K, committed 3328K, reserved 1048576K
}
Event: 5.271 GC heap before
{Heap before GC invocations=9 (full 1):
 PSYoungGen      total 145408K, used 145383K [0x0000000795580000, 0x00000007a3c80000, 0x00000007c0000000)
  eden space 133120K, 100% used [0x0000000795580000,0x000000079d780000,0x000000079d780000)
  from space 12288K, 99% used [0x000000079d780000,0x000000079e379ca0,0x000000079e380000)
  to   space 14848K, 0% used [0x00000007a2e00000,0x00000007a2e00000,0x00000007a3c80000)
 ParOldGen       total 66560K, used 13888K [0x0000000740000000, 0x0000000744100000, 0x0000000795580000)
  object space 66560K, 20% used [0x0000000740000000,0x0000000740d90278,0x0000000744100000)
 Metaspace       used 26940K, capacity 28016K, committed 28160K, reserved 1073152K
  class space    used 3252K, capacity 3513K, committed 3584K, reserved 1048576K
Event: 5.285 GC heap after
Heap after GC invocations=9 (full 1):
 PSYoungGen      total 211968K, used 9526K [0x0000000795580000, 0x00000007a3780000, 0x00000007c0000000)
  eden space 202240K, 0% used [0x0000000795580000,0x0000000795580000,0x00000007a1b00000)
  from space 9728K, 97% used [0x00000007a2e00000,0x00000007a374d840,0x00000007a3780000)
  to   space 14336K, 0% used [0x00000007a1b80000,0x00000007a1b80000,0x00000007a2980000)
 ParOldGen       total 66560K, used 13896K [0x0000000740000000, 0x0000000744100000, 0x0000000795580000)
  object space 66560K, 20% used [0x0000000740000000,0x0000000740d92278,0x0000000744100000)
 Metaspace       used 26940K, capacity 28016K, committed 28160K, reserved 1073152K
  class space    used 3252K, capacity 3513K, committed 3584K, reserved 1048576K
}

